#
# There is insufficient memory for the Java Runtime Environment to continue.
# Native memory allocation (malloc) failed to allocate 2102688 bytes. Error detail: Chunk::new
# Possible reasons:
#   The system is out of physical RAM or swap space
#   This process is running with CompressedOops enabled, and the Java Heap may be blocking the growth of the native heap
# Possible solutions:
#   Reduce memory load on the system
#   Increase physical memory or swap space
#   Check if swap backing store is full
#   Decrease Java heap size (-Xmx/-Xms)
#   Decrease number of Java threads
#   Decrease Java thread stack sizes (-Xss)
#   Set larger code cache with -XX:ReservedCodeCacheSize=
#   JVM is running with Unscaled Compressed Oops mode in which the Java heap is
#     placed in the first 4GB address space. The Java Heap base address is the
#     maximum limit for the native heap growth. Please use -XX:HeapBaseMinAddress
#     to set the Java Heap base and to place the Java Heap above 4GB virtual address.
# This output file may be truncated or incomplete.
#
#  Out of Memory Error (arena.cpp:168), pid=7144, tid=3724
#
# JRE version: OpenJDK Runtime Environment (21.0.7) (build 21.0.7+-13880790-b1038.58)
# Java VM: OpenJDK 64-Bit Server VM (21.0.7+-13880790-b1038.58, mixed mode, tiered, compressed oops, compressed class ptrs, g1 gc, windows-amd64)
# No core dump will be written. Minidumps are not enabled by default on client versions of Windows
#

---------------  S U M M A R Y ------------

Command Line: org.jetbrains.kotlin.cli.jvm.K2JVMCompiler @C:\Users\yherm\AndroidStudioProjects\CupcakeApp2\app\build\20250928_186739641586225662.compiler.options

Host: AMD Athlon Gold 3150U with Radeon Graphics     , 4 cores, 3G,  Windows 11 , 64 bit Build 26100 (10.0.26100.5074)
Time: Sun Sep 28 16:43:45 2025 Hora est. Pacífico, Sudamérica elapsed time: 37.731711 seconds (0d 0h 0m 37s)

---------------  T H R E A D  ---------------

Current thread (0x000001de3c62bbe0):  JavaThread "C2 CompilerThread0" daemon [_thread_in_native, id=3724, stack(0x000000830ae00000,0x000000830af00000) (1024K)]


Current CompileTask:
C2:37731 10482       4       org.jetbrains.kotlin.fir.backend.Fir2IrTypeConverter::toIrType (1647 bytes)

Stack: [0x000000830ae00000,0x000000830af00000]
Native frames: (J=compiled Java code, j=interpreted, Vv=VM code, C=native code)
V  [jvm.dll+0x6d25c9]
V  [jvm.dll+0x860923]
V  [jvm.dll+0x862e7e]
V  [jvm.dll+0x863563]
V  [jvm.dll+0x27f156]
V  [jvm.dll+0xc002d]
V  [jvm.dll+0xc0563]
V  [jvm.dll+0x3b6d3b]
V  [jvm.dll+0x382c27]
V  [jvm.dll+0x38209a]
V  [jvm.dll+0x247e72]
V  [jvm.dll+0x247441]
V  [jvm.dll+0x1c5fb4]
V  [jvm.dll+0x256bac]
V  [jvm.dll+0x2550f6]
V  [jvm.dll+0x3f1d16]
V  [jvm.dll+0x808d08]
V  [jvm.dll+0x6d0e1d]
C  [ucrtbase.dll+0x37b0]
C  [KERNEL32.DLL+0x2e8d7]
C  [ntdll.dll+0x8d9c]


---------------  P R O C E S S  ---------------

Threads class SMR info:
_java_thread_list=0x000001de41dfc250, length=11, elements={
0x000001de24a70fd0, 0x000001de3c4cf420, 0x000001de3c4d9d70, 0x000001de3c4df760,
0x000001de3c63e5f0, 0x000001de3c63f050, 0x000001de3c63fab0, 0x000001de3c640510,
0x000001de3c62bbe0, 0x000001de3c631fc0, 0x000001de3c7dd8b0
}

Java Threads: ( => current thread )
  0x000001de24a70fd0 JavaThread "main"                              [_thread_in_vm, id=8116, stack(0x0000008309f00000,0x000000830a000000) (1024K)]
  0x000001de3c4cf420 JavaThread "Common-Cleaner"             daemon [_thread_blocked, id=8228, stack(0x000000830a700000,0x000000830a800000) (1024K)]
  0x000001de3c4d9d70 JavaThread "Reference Handler"          daemon [_thread_blocked, id=220, stack(0x000000830a800000,0x000000830a900000) (1024K)]
  0x000001de3c4df760 JavaThread "Finalizer"                  daemon [_thread_blocked, id=10068, stack(0x000000830a900000,0x000000830aa00000) (1024K)]
  0x000001de3c63e5f0 JavaThread "Signal Dispatcher"          daemon [_thread_blocked, id=14424, stack(0x000000830aa00000,0x000000830ab00000) (1024K)]
  0x000001de3c63f050 JavaThread "Attach Listener"            daemon [_thread_blocked, id=13160, stack(0x000000830ab00000,0x000000830ac00000) (1024K)]
  0x000001de3c63fab0 JavaThread "Service Thread"             daemon [_thread_blocked, id=6312, stack(0x000000830ac00000,0x000000830ad00000) (1024K)]
  0x000001de3c640510 JavaThread "Monitor Deflation Thread"   daemon [_thread_blocked, id=3292, stack(0x000000830ad00000,0x000000830ae00000) (1024K)]
=>0x000001de3c62bbe0 JavaThread "C2 CompilerThread0"         daemon [_thread_in_native, id=3724, stack(0x000000830ae00000,0x000000830af00000) (1024K)]
  0x000001de3c631fc0 JavaThread "C1 CompilerThread0"         daemon [_thread_blocked, id=2060, stack(0x000000830af00000,0x000000830b000000) (1024K)]
  0x000001de3c7dd8b0 JavaThread "Notification Thread"        daemon [_thread_blocked, id=11324, stack(0x000000830b000000,0x000000830b100000) (1024K)]
Total: 11

Other Threads:
  0x000001de3c451ba0 VMThread "VM Thread"                           [id=4628, stack(0x000000830a600000,0x000000830a700000) (1024K)]
  0x000001de3c40afd0 WatcherThread "VM Periodic Task Thread"        [id=8132, stack(0x000000830a500000,0x000000830a600000) (1024K)]
  0x000001de24f3b4d0 WorkerThread "GC Thread#0"                     [id=8224, stack(0x000000830a000000,0x000000830a100000) (1024K)]
  0x000001de41346950 WorkerThread "GC Thread#1"                     [id=13896, stack(0x000000830b200000,0x000000830b300000) (1024K)]
  0x000001de4136e330 WorkerThread "GC Thread#2"                     [id=4752, stack(0x000000830b300000,0x000000830b400000) (1024K)]
  0x000001de4136e6d0 WorkerThread "GC Thread#3"                     [id=11024, stack(0x000000830b400000,0x000000830b500000) (1024K)]
  0x000001de24f43b00 ConcurrentGCThread "G1 Main Marker"            [id=13832, stack(0x000000830a100000,0x000000830a200000) (1024K)]
  0x000001de24f45610 WorkerThread "G1 Conc#0"                       [id=11000, stack(0x000000830a200000,0x000000830a300000) (1024K)]
  0x000001de24f9b970 ConcurrentGCThread "G1 Refine#0"               [id=15252, stack(0x000000830a300000,0x000000830a400000) (1024K)]
  0x000001de24f9c4e0 ConcurrentGCThread "G1 Service"                [id=13420, stack(0x000000830a400000,0x000000830a500000) (1024K)]
Total: 10

Threads with active compile tasks:
C2 CompilerThread0  37791 10482       4       org.jetbrains.kotlin.fir.backend.Fir2IrTypeConverter::toIrType (1647 bytes)
Total: 1

VM state: not at safepoint (normal execution)

VM Mutex/Monitor currently owned by a thread: None

Heap address: 0x00000000c8e00000, size: 882 MB, Compressed Oops mode: 32-bit

CDS archive(s) not mapped
Compressed class space mapped at: 0x0000000100000000-0x0000000140000000, reserved size: 1073741824
Narrow klass base: 0x0000000000000000, Narrow klass shift: 3, Narrow klass range: 0x140000000

GC Precious Log:
 CardTable entry size: 512
 Card Set container configuration: InlinePtr #cards 5 size 8 Array Of Cards #cards 12 size 40 Howl #buckets 4 coarsen threshold 1843 Howl Bitmap #cards 512 size 80 coarsen threshold 460 Card regions per heap region 1 cards per card region 2048
 CPUs: 4 total, 4 available
 Memory: 3520M
 Large Page Support: Disabled
 NUMA Support: Disabled
 Compressed Oops: Enabled (32-bit)
 Heap Region Size: 1M
 Heap Min Capacity: 8M
 Heap Initial Capacity: 56M
 Heap Max Capacity: 882M
 Pre-touch: Disabled
 Parallel Workers: 4
 Concurrent Workers: 1
 Concurrent Refinement Workers: 4
 Periodic GC: Disabled

Heap:
 garbage-first heap   total 162816K, used 111012K [0x00000000c8e00000, 0x0000000100000000)
  region size 1024K, 18 young (18432K), 3 survivors (3072K)
 Metaspace       used 80456K, committed 80768K, reserved 1179648K
  class space    used 8661K, committed 8768K, reserved 1048576K

Heap Regions: E=young(eden), S=young(survivor), O=old, HS=humongous(starts), HC=humongous(continues), CS=collection set, F=free, TAMS=top-at-mark-start, PB=parsable bottom
|   0|0x00000000c8e00000, 0x00000000c8f00000, 0x00000000c8f00000|100%|HS|  |TAMS 0x00000000c8e00000| PB 0x00000000c8e00000| Complete 
|   1|0x00000000c8f00000, 0x00000000c9000000, 0x00000000c9000000|100%|HC|  |TAMS 0x00000000c8f00000| PB 0x00000000c8f00000| Complete 
|   2|0x00000000c9000000, 0x00000000c9100000, 0x00000000c9100000|100%|HC|  |TAMS 0x00000000c9000000| PB 0x00000000c9000000| Complete 
|   3|0x00000000c9100000, 0x00000000c9200000, 0x00000000c9200000|100%| O|  |TAMS 0x00000000c9100000| PB 0x00000000c9100000| Untracked 
|   4|0x00000000c9200000, 0x00000000c9300000, 0x00000000c9300000|100%| O|  |TAMS 0x00000000c9200000| PB 0x00000000c9200000| Untracked 
|   5|0x00000000c9300000, 0x00000000c9400000, 0x00000000c9400000|100%| O|  |TAMS 0x00000000c9300000| PB 0x00000000c9300000| Untracked 
|   6|0x00000000c9400000, 0x00000000c9500000, 0x00000000c9500000|100%| O|  |TAMS 0x00000000c9400000| PB 0x00000000c9400000| Untracked 
|   7|0x00000000c9500000, 0x00000000c9600000, 0x00000000c9600000|100%| O|  |TAMS 0x00000000c9500000| PB 0x00000000c9500000| Untracked 
|   8|0x00000000c9600000, 0x00000000c9700000, 0x00000000c9700000|100%| O|  |TAMS 0x00000000c9600000| PB 0x00000000c9600000| Untracked 
|   9|0x00000000c9700000, 0x00000000c9800000, 0x00000000c9800000|100%| O|  |TAMS 0x00000000c9700000| PB 0x00000000c9700000| Untracked 
|  10|0x00000000c9800000, 0x00000000c9900000, 0x00000000c9900000|100%| O|  |TAMS 0x00000000c9800000| PB 0x00000000c9800000| Untracked 
|  11|0x00000000c9900000, 0x00000000c9a00000, 0x00000000c9a00000|100%| O|  |TAMS 0x00000000c9900000| PB 0x00000000c9900000| Untracked 
|  12|0x00000000c9a00000, 0x00000000c9b00000, 0x00000000c9b00000|100%| O|  |TAMS 0x00000000c9a00000| PB 0x00000000c9a00000| Untracked 
|  13|0x00000000c9b00000, 0x00000000c9c00000, 0x00000000c9c00000|100%| O|  |TAMS 0x00000000c9b00000| PB 0x00000000c9b00000| Untracked 
|  14|0x00000000c9c00000, 0x00000000c9d00000, 0x00000000c9d00000|100%| O|  |TAMS 0x00000000c9c00000| PB 0x00000000c9c00000| Untracked 
|  15|0x00000000c9d00000, 0x00000000c9e00000, 0x00000000c9e00000|100%| O|  |TAMS 0x00000000c9d00000| PB 0x00000000c9d00000| Untracked 
|  16|0x00000000c9e00000, 0x00000000c9f00000, 0x00000000c9f00000|100%| O|  |TAMS 0x00000000c9e00000| PB 0x00000000c9e00000| Untracked 
|  17|0x00000000c9f00000, 0x00000000ca000000, 0x00000000ca000000|100%| O|  |TAMS 0x00000000c9f00000| PB 0x00000000c9f00000| Untracked 
|  18|0x00000000ca000000, 0x00000000ca100000, 0x00000000ca100000|100%| O|  |TAMS 0x00000000ca000000| PB 0x00000000ca000000| Untracked 
|  19|0x00000000ca100000, 0x00000000ca200000, 0x00000000ca200000|100%| O|  |TAMS 0x00000000ca100000| PB 0x00000000ca100000| Untracked 
|  20|0x00000000ca200000, 0x00000000ca300000, 0x00000000ca300000|100%| O|  |TAMS 0x00000000ca200000| PB 0x00000000ca200000| Untracked 
|  21|0x00000000ca300000, 0x00000000ca400000, 0x00000000ca400000|100%| O|  |TAMS 0x00000000ca300000| PB 0x00000000ca300000| Untracked 
|  22|0x00000000ca400000, 0x00000000ca500000, 0x00000000ca500000|100%| O|  |TAMS 0x00000000ca400000| PB 0x00000000ca400000| Untracked 
|  23|0x00000000ca500000, 0x00000000ca600000, 0x00000000ca600000|100%| O|  |TAMS 0x00000000ca500000| PB 0x00000000ca500000| Untracked 
|  24|0x00000000ca600000, 0x00000000ca700000, 0x00000000ca700000|100%| O|  |TAMS 0x00000000ca600000| PB 0x00000000ca600000| Untracked 
|  25|0x00000000ca700000, 0x00000000ca800000, 0x00000000ca800000|100%| O|  |TAMS 0x00000000ca700000| PB 0x00000000ca700000| Untracked 
|  26|0x00000000ca800000, 0x00000000ca900000, 0x00000000ca900000|100%| O|  |TAMS 0x00000000ca800000| PB 0x00000000ca800000| Untracked 
|  27|0x00000000ca900000, 0x00000000caa00000, 0x00000000caa00000|100%| O|  |TAMS 0x00000000ca900000| PB 0x00000000ca900000| Untracked 
|  28|0x00000000caa00000, 0x00000000cab00000, 0x00000000cab00000|100%| O|  |TAMS 0x00000000caa00000| PB 0x00000000caa00000| Untracked 
|  29|0x00000000cab00000, 0x00000000cac00000, 0x00000000cac00000|100%| O|Cm|TAMS 0x00000000cab00000| PB 0x00000000cab00000| Complete 
|  30|0x00000000cac00000, 0x00000000cad00000, 0x00000000cad00000|100%| O|  |TAMS 0x00000000cac00000| PB 0x00000000cac00000| Untracked 
|  31|0x00000000cad00000, 0x00000000cae00000, 0x00000000cae00000|100%| O|  |TAMS 0x00000000cad00000| PB 0x00000000cad00000| Untracked 
|  32|0x00000000cae00000, 0x00000000caf00000, 0x00000000caf00000|100%| O|  |TAMS 0x00000000cae00000| PB 0x00000000cae00000| Untracked 
|  33|0x00000000caf00000, 0x00000000cb000000, 0x00000000cb000000|100%| O|  |TAMS 0x00000000caf00000| PB 0x00000000caf00000| Untracked 
|  34|0x00000000cb000000, 0x00000000cb100000, 0x00000000cb100000|100%| O|  |TAMS 0x00000000cb000000| PB 0x00000000cb000000| Untracked 
|  35|0x00000000cb100000, 0x00000000cb200000, 0x00000000cb200000|100%| O|  |TAMS 0x00000000cb100000| PB 0x00000000cb100000| Untracked 
|  36|0x00000000cb200000, 0x00000000cb300000, 0x00000000cb300000|100%| O|  |TAMS 0x00000000cb200000| PB 0x00000000cb200000| Untracked 
|  37|0x00000000cb300000, 0x00000000cb400000, 0x00000000cb400000|100%| O|  |TAMS 0x00000000cb300000| PB 0x00000000cb300000| Untracked 
|  38|0x00000000cb400000, 0x00000000cb500000, 0x00000000cb500000|100%| O|  |TAMS 0x00000000cb400000| PB 0x00000000cb400000| Untracked 
|  39|0x00000000cb500000, 0x00000000cb600000, 0x00000000cb600000|100%| O|  |TAMS 0x00000000cb500000| PB 0x00000000cb500000| Untracked 
|  40|0x00000000cb600000, 0x00000000cb700000, 0x00000000cb700000|100%| O|  |TAMS 0x00000000cb600000| PB 0x00000000cb600000| Untracked 
|  41|0x00000000cb700000, 0x00000000cb800000, 0x00000000cb800000|100%| O|  |TAMS 0x00000000cb700000| PB 0x00000000cb700000| Untracked 
|  42|0x00000000cb800000, 0x00000000cb900000, 0x00000000cb900000|100%| O|  |TAMS 0x00000000cb800000| PB 0x00000000cb800000| Untracked 
|  43|0x00000000cb900000, 0x00000000cba00000, 0x00000000cba00000|100%| O|  |TAMS 0x00000000cb900000| PB 0x00000000cb900000| Untracked 
|  44|0x00000000cba00000, 0x00000000cbb00000, 0x00000000cbb00000|100%| O|  |TAMS 0x00000000cba00000| PB 0x00000000cba00000| Untracked 
|  45|0x00000000cbb00000, 0x00000000cbc00000, 0x00000000cbc00000|100%| O|  |TAMS 0x00000000cbb00000| PB 0x00000000cbb00000| Untracked 
|  46|0x00000000cbc00000, 0x00000000cbd00000, 0x00000000cbd00000|100%| O|  |TAMS 0x00000000cbc00000| PB 0x00000000cbc00000| Untracked 
|  47|0x00000000cbd00000, 0x00000000cbe00000, 0x00000000cbe00000|100%| O|  |TAMS 0x00000000cbd00000| PB 0x00000000cbd00000| Untracked 
|  48|0x00000000cbe00000, 0x00000000cbf00000, 0x00000000cbf00000|100%| O|  |TAMS 0x00000000cbe00000| PB 0x00000000cbe00000| Untracked 
|  49|0x00000000cbf00000, 0x00000000cc000000, 0x00000000cc000000|100%| O|  |TAMS 0x00000000cbf00000| PB 0x00000000cbf00000| Untracked 
|  50|0x00000000cc000000, 0x00000000cc100000, 0x00000000cc100000|100%| O|Cm|TAMS 0x00000000cc000000| PB 0x00000000cc000000| Complete 
|  51|0x00000000cc100000, 0x00000000cc200000, 0x00000000cc200000|100%| O|  |TAMS 0x00000000cc100000| PB 0x00000000cc100000| Untracked 
|  52|0x00000000cc200000, 0x00000000cc300000, 0x00000000cc300000|100%| O|  |TAMS 0x00000000cc200000| PB 0x00000000cc200000| Untracked 
|  53|0x00000000cc300000, 0x00000000cc400000, 0x00000000cc400000|100%| O|  |TAMS 0x00000000cc300000| PB 0x00000000cc300000| Untracked 
|  54|0x00000000cc400000, 0x00000000cc500000, 0x00000000cc500000|100%| O|  |TAMS 0x00000000cc400000| PB 0x00000000cc400000| Untracked 
|  55|0x00000000cc500000, 0x00000000cc600000, 0x00000000cc600000|100%| O|  |TAMS 0x00000000cc500000| PB 0x00000000cc500000| Untracked 
|  56|0x00000000cc600000, 0x00000000cc700000, 0x00000000cc700000|100%| O|  |TAMS 0x00000000cc600000| PB 0x00000000cc600000| Untracked 
|  57|0x00000000cc700000, 0x00000000cc800000, 0x00000000cc800000|100%| O|  |TAMS 0x00000000cc700000| PB 0x00000000cc700000| Untracked 
|  58|0x00000000cc800000, 0x00000000cc900000, 0x00000000cc900000|100%| O|  |TAMS 0x00000000cc800000| PB 0x00000000cc800000| Untracked 
|  59|0x00000000cc900000, 0x00000000cca00000, 0x00000000cca00000|100%| O|  |TAMS 0x00000000cc900000| PB 0x00000000cc900000| Untracked 
|  60|0x00000000cca00000, 0x00000000ccb00000, 0x00000000ccb00000|100%| O|  |TAMS 0x00000000cca00000| PB 0x00000000cca00000| Untracked 
|  61|0x00000000ccb00000, 0x00000000ccc00000, 0x00000000ccc00000|100%| O|  |TAMS 0x00000000ccb00000| PB 0x00000000ccb00000| Untracked 
|  62|0x00000000ccc00000, 0x00000000ccd00000, 0x00000000ccd00000|100%| O|  |TAMS 0x00000000ccc00000| PB 0x00000000ccc00000| Untracked 
|  63|0x00000000ccd00000, 0x00000000cce00000, 0x00000000cce00000|100%| O|  |TAMS 0x00000000ccd00000| PB 0x00000000ccd00000| Untracked 
|  64|0x00000000cce00000, 0x00000000ccf00000, 0x00000000ccf00000|100%| O|  |TAMS 0x00000000cce00000| PB 0x00000000cce00000| Untracked 
|  65|0x00000000ccf00000, 0x00000000cd000000, 0x00000000cd000000|100%| O|  |TAMS 0x00000000ccf00000| PB 0x00000000ccf00000| Untracked 
|  66|0x00000000cd000000, 0x00000000cd100000, 0x00000000cd100000|100%| O|  |TAMS 0x00000000cd000000| PB 0x00000000cd000000| Untracked 
|  67|0x00000000cd100000, 0x00000000cd200000, 0x00000000cd200000|100%| O|  |TAMS 0x00000000cd100000| PB 0x00000000cd100000| Untracked 
|  68|0x00000000cd200000, 0x00000000cd300000, 0x00000000cd300000|100%| O|  |TAMS 0x00000000cd200000| PB 0x00000000cd200000| Untracked 
|  69|0x00000000cd300000, 0x00000000cd400000, 0x00000000cd400000|100%| O|  |TAMS 0x00000000cd300000| PB 0x00000000cd300000| Untracked 
|  70|0x00000000cd400000, 0x00000000cd500000, 0x00000000cd500000|100%| O|  |TAMS 0x00000000cd400000| PB 0x00000000cd400000| Untracked 
|  71|0x00000000cd500000, 0x00000000cd600000, 0x00000000cd600000|100%| O|  |TAMS 0x00000000cd500000| PB 0x00000000cd500000| Untracked 
|  72|0x00000000cd600000, 0x00000000cd700000, 0x00000000cd700000|100%| O|  |TAMS 0x00000000cd600000| PB 0x00000000cd600000| Untracked 
|  73|0x00000000cd700000, 0x00000000cd800000, 0x00000000cd800000|100%| O|  |TAMS 0x00000000cd700000| PB 0x00000000cd700000| Untracked 
|  74|0x00000000cd800000, 0x00000000cd900000, 0x00000000cd900000|100%| O|Cm|TAMS 0x00000000cd800000| PB 0x00000000cd800000| Complete 
|  75|0x00000000cd900000, 0x00000000cda00000, 0x00000000cda00000|100%| O|  |TAMS 0x00000000cd900000| PB 0x00000000cd900000| Untracked 
|  76|0x00000000cda00000, 0x00000000cdb00000, 0x00000000cdb00000|100%| O|  |TAMS 0x00000000cda00000| PB 0x00000000cda00000| Untracked 
|  77|0x00000000cdb00000, 0x00000000cdc00000, 0x00000000cdc00000|100%| O|  |TAMS 0x00000000cdb00000| PB 0x00000000cdb00000| Untracked 
|  78|0x00000000cdc00000, 0x00000000cdd00000, 0x00000000cdd00000|100%| O|  |TAMS 0x00000000cdc00000| PB 0x00000000cdc00000| Untracked 
|  79|0x00000000cdd00000, 0x00000000cde00000, 0x00000000cde00000|100%| O|  |TAMS 0x00000000cdd00000| PB 0x00000000cdd00000| Untracked 
|  80|0x00000000cde00000, 0x00000000cdf00000, 0x00000000cdf00000|100%| O|  |TAMS 0x00000000cde00000| PB 0x00000000cde00000| Untracked 
|  81|0x00000000cdf00000, 0x00000000ce000000, 0x00000000ce000000|100%| O|  |TAMS 0x00000000cdf00000| PB 0x00000000cdf00000| Untracked 
|  82|0x00000000ce000000, 0x00000000ce100000, 0x00000000ce100000|100%| O|  |TAMS 0x00000000ce000000| PB 0x00000000ce000000| Untracked 
|  83|0x00000000ce100000, 0x00000000ce200000, 0x00000000ce200000|100%| O|  |TAMS 0x00000000ce100000| PB 0x00000000ce100000| Untracked 
|  84|0x00000000ce200000, 0x00000000ce300000, 0x00000000ce300000|100%| O|  |TAMS 0x00000000ce200000| PB 0x00000000ce200000| Untracked 
|  85|0x00000000ce300000, 0x00000000ce400000, 0x00000000ce400000|100%| O|  |TAMS 0x00000000ce300000| PB 0x00000000ce300000| Untracked 
|  86|0x00000000ce400000, 0x00000000ce500000, 0x00000000ce500000|100%| O|  |TAMS 0x00000000ce400000| PB 0x00000000ce400000| Untracked 
|  87|0x00000000ce500000, 0x00000000ce600000, 0x00000000ce600000|100%| O|  |TAMS 0x00000000ce500000| PB 0x00000000ce500000| Untracked 
|  88|0x00000000ce600000, 0x00000000ce6693e0, 0x00000000ce700000| 41%| O|  |TAMS 0x00000000ce600000| PB 0x00000000ce600000| Untracked 
|  89|0x00000000ce700000, 0x00000000ce700000, 0x00000000ce800000|  0%| F|  |TAMS 0x00000000ce700000| PB 0x00000000ce700000| Untracked 
|  90|0x00000000ce800000, 0x00000000ce800000, 0x00000000ce900000|  0%| F|  |TAMS 0x00000000ce800000| PB 0x00000000ce800000| Untracked 
|  91|0x00000000ce900000, 0x00000000ce900000, 0x00000000cea00000|  0%| F|  |TAMS 0x00000000ce900000| PB 0x00000000ce900000| Untracked 
|  92|0x00000000cea00000, 0x00000000cea00000, 0x00000000ceb00000|  0%| F|  |TAMS 0x00000000cea00000| PB 0x00000000cea00000| Untracked 
|  93|0x00000000ceb00000, 0x00000000ceb00000, 0x00000000cec00000|  0%| F|  |TAMS 0x00000000ceb00000| PB 0x00000000ceb00000| Untracked 
|  94|0x00000000cec00000, 0x00000000cec00000, 0x00000000ced00000|  0%| F|  |TAMS 0x00000000cec00000| PB 0x00000000cec00000| Untracked 
|  95|0x00000000ced00000, 0x00000000ced00000, 0x00000000cee00000|  0%| F|  |TAMS 0x00000000ced00000| PB 0x00000000ced00000| Untracked 
|  96|0x00000000cee00000, 0x00000000cee00000, 0x00000000cef00000|  0%| F|  |TAMS 0x00000000cee00000| PB 0x00000000cee00000| Untracked 
|  97|0x00000000cef00000, 0x00000000cef00000, 0x00000000cf000000|  0%| F|  |TAMS 0x00000000cef00000| PB 0x00000000cef00000| Untracked 
|  98|0x00000000cf000000, 0x00000000cf000000, 0x00000000cf100000|  0%| F|  |TAMS 0x00000000cf000000| PB 0x00000000cf000000| Untracked 
|  99|0x00000000cf100000, 0x00000000cf100000, 0x00000000cf200000|  0%| F|  |TAMS 0x00000000cf100000| PB 0x00000000cf100000| Untracked 
| 100|0x00000000cf200000, 0x00000000cf200000, 0x00000000cf300000|  0%| F|  |TAMS 0x00000000cf200000| PB 0x00000000cf200000| Untracked 
| 101|0x00000000cf300000, 0x00000000cf300000, 0x00000000cf400000|  0%| F|  |TAMS 0x00000000cf300000| PB 0x00000000cf300000| Untracked 
| 102|0x00000000cf400000, 0x00000000cf500000, 0x00000000cf500000|100%| S|CS|TAMS 0x00000000cf400000| PB 0x00000000cf400000| Complete 
| 103|0x00000000cf500000, 0x00000000cf600000, 0x00000000cf600000|100%| S|CS|TAMS 0x00000000cf500000| PB 0x00000000cf500000| Complete 
| 104|0x00000000cf600000, 0x00000000cf700000, 0x00000000cf700000|100%| S|CS|TAMS 0x00000000cf600000| PB 0x00000000cf600000| Complete 
| 105|0x00000000cf700000, 0x00000000cf700000, 0x00000000cf800000|  0%| F|  |TAMS 0x00000000cf700000| PB 0x00000000cf700000| Untracked 
| 106|0x00000000cf800000, 0x00000000cf800000, 0x00000000cf900000|  0%| F|  |TAMS 0x00000000cf800000| PB 0x00000000cf800000| Untracked 
| 107|0x00000000cf900000, 0x00000000cf900000, 0x00000000cfa00000|  0%| F|  |TAMS 0x00000000cf900000| PB 0x00000000cf900000| Untracked 
| 108|0x00000000cfa00000, 0x00000000cfa00000, 0x00000000cfb00000|  0%| F|  |TAMS 0x00000000cfa00000| PB 0x00000000cfa00000| Untracked 
| 109|0x00000000cfb00000, 0x00000000cfb00000, 0x00000000cfc00000|  0%| F|  |TAMS 0x00000000cfb00000| PB 0x00000000cfb00000| Untracked 
| 110|0x00000000cfc00000, 0x00000000cfc00000, 0x00000000cfd00000|  0%| F|  |TAMS 0x00000000cfc00000| PB 0x00000000cfc00000| Untracked 
| 111|0x00000000cfd00000, 0x00000000cfd00000, 0x00000000cfe00000|  0%| F|  |TAMS 0x00000000cfd00000| PB 0x00000000cfd00000| Untracked 
| 112|0x00000000cfe00000, 0x00000000cfe00000, 0x00000000cff00000|  0%| F|  |TAMS 0x00000000cfe00000| PB 0x00000000cfe00000| Untracked 
| 113|0x00000000cff00000, 0x00000000cff00000, 0x00000000d0000000|  0%| F|  |TAMS 0x00000000cff00000| PB 0x00000000cff00000| Untracked 
| 114|0x00000000d0000000, 0x00000000d0000000, 0x00000000d0100000|  0%| F|  |TAMS 0x00000000d0000000| PB 0x00000000d0000000| Untracked 
| 115|0x00000000d0100000, 0x00000000d0100000, 0x00000000d0200000|  0%| F|  |TAMS 0x00000000d0100000| PB 0x00000000d0100000| Untracked 
| 116|0x00000000d0200000, 0x00000000d0200000, 0x00000000d0300000|  0%| F|  |TAMS 0x00000000d0200000| PB 0x00000000d0200000| Untracked 
| 117|0x00000000d0300000, 0x00000000d0300000, 0x00000000d0400000|  0%| F|  |TAMS 0x00000000d0300000| PB 0x00000000d0300000| Untracked 
| 118|0x00000000d0400000, 0x00000000d0400000, 0x00000000d0500000|  0%| F|  |TAMS 0x00000000d0400000| PB 0x00000000d0400000| Untracked 
| 119|0x00000000d0500000, 0x00000000d0500000, 0x00000000d0600000|  0%| F|  |TAMS 0x00000000d0500000| PB 0x00000000d0500000| Untracked 
| 120|0x00000000d0600000, 0x00000000d0600000, 0x00000000d0700000|  0%| F|  |TAMS 0x00000000d0600000| PB 0x00000000d0600000| Untracked 
| 121|0x00000000d0700000, 0x00000000d0700000, 0x00000000d0800000|  0%| F|  |TAMS 0x00000000d0700000| PB 0x00000000d0700000| Untracked 
| 122|0x00000000d0800000, 0x00000000d0800000, 0x00000000d0900000|  0%| F|  |TAMS 0x00000000d0800000| PB 0x00000000d0800000| Untracked 
| 123|0x00000000d0900000, 0x00000000d0900000, 0x00000000d0a00000|  0%| F|  |TAMS 0x00000000d0900000| PB 0x00000000d0900000| Untracked 
| 124|0x00000000d0a00000, 0x00000000d0a00000, 0x00000000d0b00000|  0%| F|  |TAMS 0x00000000d0a00000| PB 0x00000000d0a00000| Untracked 
| 125|0x00000000d0b00000, 0x00000000d0b00000, 0x00000000d0c00000|  0%| F|  |TAMS 0x00000000d0b00000| PB 0x00000000d0b00000| Untracked 
| 126|0x00000000d0c00000, 0x00000000d0c00000, 0x00000000d0d00000|  0%| F|  |TAMS 0x00000000d0c00000| PB 0x00000000d0c00000| Untracked 
| 127|0x00000000d0d00000, 0x00000000d0d00000, 0x00000000d0e00000|  0%| F|  |TAMS 0x00000000d0d00000| PB 0x00000000d0d00000| Untracked 
| 128|0x00000000d0e00000, 0x00000000d0e00000, 0x00000000d0f00000|  0%| F|  |TAMS 0x00000000d0e00000| PB 0x00000000d0e00000| Untracked 
| 129|0x00000000d0f00000, 0x00000000d0f00000, 0x00000000d1000000|  0%| F|  |TAMS 0x00000000d0f00000| PB 0x00000000d0f00000| Untracked 
| 130|0x00000000d1000000, 0x00000000d1000000, 0x00000000d1100000|  0%| F|  |TAMS 0x00000000d1000000| PB 0x00000000d1000000| Untracked 
| 131|0x00000000d1100000, 0x00000000d1100000, 0x00000000d1200000|  0%| F|  |TAMS 0x00000000d1100000| PB 0x00000000d1100000| Untracked 
| 132|0x00000000d1200000, 0x00000000d1200000, 0x00000000d1300000|  0%| F|  |TAMS 0x00000000d1200000| PB 0x00000000d1200000| Untracked 
| 133|0x00000000d1300000, 0x00000000d1400000, 0x00000000d1400000|100%| E|CS|TAMS 0x00000000d1300000| PB 0x00000000d1300000| Complete 
| 134|0x00000000d1400000, 0x00000000d1500000, 0x00000000d1500000|100%| E|CS|TAMS 0x00000000d1400000| PB 0x00000000d1400000| Complete 
| 135|0x00000000d1500000, 0x00000000d1600000, 0x00000000d1600000|100%| E|CS|TAMS 0x00000000d1500000| PB 0x00000000d1500000| Complete 
| 136|0x00000000d1600000, 0x00000000d1600000, 0x00000000d1700000|  0%| F|  |TAMS 0x00000000d1600000| PB 0x00000000d1600000| Untracked 
| 137|0x00000000d1700000, 0x00000000d1700000, 0x00000000d1800000|  0%| F|  |TAMS 0x00000000d1700000| PB 0x00000000d1700000| Untracked 
| 138|0x00000000d1800000, 0x00000000d1800000, 0x00000000d1900000|  0%| F|  |TAMS 0x00000000d1800000| PB 0x00000000d1800000| Untracked 
| 139|0x00000000d1900000, 0x00000000d1900000, 0x00000000d1a00000|  0%| F|  |TAMS 0x00000000d1900000| PB 0x00000000d1900000| Untracked 
| 140|0x00000000d1a00000, 0x00000000d1a00000, 0x00000000d1b00000|  0%| F|  |TAMS 0x00000000d1a00000| PB 0x00000000d1a00000| Untracked 
| 141|0x00000000d1b00000, 0x00000000d1b00000, 0x00000000d1c00000|  0%| F|  |TAMS 0x00000000d1b00000| PB 0x00000000d1b00000| Untracked 
| 142|0x00000000d1c00000, 0x00000000d1c00000, 0x00000000d1d00000|  0%| F|  |TAMS 0x00000000d1c00000| PB 0x00000000d1c00000| Untracked 
| 143|0x00000000d1d00000, 0x00000000d1d00000, 0x00000000d1e00000|  0%| F|  |TAMS 0x00000000d1d00000| PB 0x00000000d1d00000| Untracked 
| 144|0x00000000d1e00000, 0x00000000d1e80000, 0x00000000d1f00000| 50%| E|  |TAMS 0x00000000d1e00000| PB 0x00000000d1e00000| Complete 
| 145|0x00000000d1f00000, 0x00000000d2000000, 0x00000000d2000000|100%| E|CS|TAMS 0x00000000d1f00000| PB 0x00000000d1f00000| Complete 
| 146|0x00000000d2000000, 0x00000000d2100000, 0x00000000d2100000|100%| E|CS|TAMS 0x00000000d2000000| PB 0x00000000d2000000| Complete 
| 147|0x00000000d2100000, 0x00000000d2200000, 0x00000000d2200000|100%| E|CS|TAMS 0x00000000d2100000| PB 0x00000000d2100000| Complete 
| 148|0x00000000d2200000, 0x00000000d2300000, 0x00000000d2300000|100%| E|CS|TAMS 0x00000000d2200000| PB 0x00000000d2200000| Complete 
| 149|0x00000000d2300000, 0x00000000d2400000, 0x00000000d2400000|100%| E|CS|TAMS 0x00000000d2300000| PB 0x00000000d2300000| Complete 
| 150|0x00000000d2400000, 0x00000000d2500000, 0x00000000d2500000|100%| E|CS|TAMS 0x00000000d2400000| PB 0x00000000d2400000| Complete 
| 151|0x00000000d2500000, 0x00000000d2600000, 0x00000000d2600000|100%| E|CS|TAMS 0x00000000d2500000| PB 0x00000000d2500000| Complete 
| 152|0x00000000d2600000, 0x00000000d2700000, 0x00000000d2700000|100%| E|CS|TAMS 0x00000000d2600000| PB 0x00000000d2600000| Complete 
| 153|0x00000000d2700000, 0x00000000d2800000, 0x00000000d2800000|100%| E|CS|TAMS 0x00000000d2700000| PB 0x00000000d2700000| Complete 
| 154|0x00000000d2800000, 0x00000000d2900000, 0x00000000d2900000|100%| E|CS|TAMS 0x00000000d2800000| PB 0x00000000d2800000| Complete 
| 155|0x00000000d2900000, 0x00000000d2a00000, 0x00000000d2a00000|100%| E|CS|TAMS 0x00000000d2900000| PB 0x00000000d2900000| Complete 
| 879|0x00000000ffd00000, 0x00000000ffe00000, 0x00000000ffe00000|100%| O|  |TAMS 0x00000000ffd00000| PB 0x00000000ffd00000| Untracked 
| 880|0x00000000ffe00000, 0x00000000fff00000, 0x00000000fff00000|100%| O|  |TAMS 0x00000000ffe00000| PB 0x00000000ffe00000| Untracked 
| 881|0x00000000fff00000, 0x0000000100000000, 0x0000000100000000|100%| O|  |TAMS 0x00000000fff00000| PB 0x00000000fff00000| Untracked 

Card table byte_map: [0x000001de38f20000,0x000001de390e0000] _byte_map_base: 0x000001de388d9000

Marking Bits: (CMBitMap*) 0x000001de24f3bbd0
 Bits: [0x000001de390e0000, 0x000001de39ea8000)

Polling page: 0x000001de24a00000

Metaspace:

Usage:
  Non-class:     70.12 MB used.
      Class:      8.46 MB used.
       Both:     78.58 MB used.

Virtual space:
  Non-class space:      128.00 MB reserved,      70.31 MB ( 55%) committed,  2 nodes.
      Class space:        1.00 GB reserved,       8.56 MB ( <1%) committed,  1 nodes.
             Both:        1.12 GB reserved,      78.88 MB (  7%) committed. 

Chunk freelists:
   Non-Class:  9.58 MB
       Class:  7.44 MB
        Both:  17.02 MB

MaxMetaspaceSize: unlimited
CompressedClassSpaceSize: 1.00 GB
Initial GC threshold: 21.00 MB
Current GC threshold: 130.12 MB
CDS: off
 - commit_granule_bytes: 65536.
 - commit_granule_words: 8192.
 - virtual_space_node_default_size: 8388608.
 - enlarge_chunks_in_place: 1.
 - use_allocation_guard: 0.


Internal statistics:

num_allocs_failed_limit: 6.
num_arena_births: 366.
num_arena_deaths: 0.
num_vsnodes_births: 3.
num_vsnodes_deaths: 0.
num_space_committed: 1262.
num_space_uncommitted: 0.
num_chunks_returned_to_freelist: 6.
num_chunks_taken_from_freelist: 2887.
num_chunk_merges: 6.
num_chunk_splits: 2415.
num_chunks_enlarged: 2160.
num_inconsistent_stats: 0.

CodeHeap 'non-profiled nmethods': size=120000Kb used=5080Kb max_used=5371Kb free=114919Kb
 bounds [0x000001de31210000, 0x000001de31750000, 0x000001de38740000]
CodeHeap 'profiled nmethods': size=120000Kb used=32812Kb max_used=34213Kb free=87187Kb
 bounds [0x000001de29740000, 0x000001de2b8b0000, 0x000001de30c70000]
CodeHeap 'non-nmethods': size=5760Kb used=1804Kb max_used=1853Kb free=3955Kb
 bounds [0x000001de30c70000, 0x000001de30ee0000, 0x000001de31210000]
 total_blobs=10436 nmethods=9625 adapters=711
 compilation: enabled
              stopped_count=0, restarted_count=0
 full_count=0

Compilation events (20 events):
Event: 37.526 Thread 0x000001de3c631fc0 nmethod 10635 0x000001de313e9390 code [0x000001de313e9520, 0x000001de313e95e8]
Event: 37.526 Thread 0x000001de3c631fc0 10639       1       org.jetbrains.kotlin.backend.jvm.JvmBackendContext::getCachedDeclarations (5 bytes)
Event: 37.526 Thread 0x000001de3c631fc0 nmethod 10639 0x000001de313e9090 code [0x000001de313e9220, 0x000001de313e92e8]
Event: 37.526 Thread 0x000001de3c631fc0 10644       2       org.jetbrains.kotlin.com.google.common.collect.RegularImmutableMap::get (13 bytes)
Event: 37.527 Thread 0x000001de3c631fc0 nmethod 10644 0x000001de29829190 code [0x000001de29829340, 0x000001de29829470]
Event: 37.530 Thread 0x000001de3c631fc0 10653       2       org.jetbrains.kotlin.backend.jvm.JvmIrTypeSystemContext::isArrayOrNullableArray (6 bytes)
Event: 37.531 Thread 0x000001de3c631fc0 nmethod 10653 0x000001de29c42690 code [0x000001de29c42920, 0x000001de29c42fa8]
Event: 37.531 Thread 0x000001de3c631fc0 10656       2       org.jetbrains.kotlin.backend.jvm.caches.BridgeLoweringCache::canHaveSpecialBridge (173 bytes)
Event: 37.533 Thread 0x000001de3c631fc0 nmethod 10656 0x000001de29c41710 code [0x000001de29c419a0, 0x000001de29c42040]
Event: 37.533 Thread 0x000001de3c631fc0 10659       2       org.jetbrains.kotlin.ir.util.IrUtilsKt::allOverridden$default (14 bytes)
Event: 37.533 Thread 0x000001de3c631fc0 nmethod 10659 0x000001de298d0790 code [0x000001de298d0940, 0x000001de298d0a50]
Event: 37.533 Thread 0x000001de3c631fc0 10657       2       org.jetbrains.org.objectweb.asm.commons.Method::equals (48 bytes)
Event: 37.534 Thread 0x000001de3c631fc0 nmethod 10657 0x000001de298cf610 code [0x000001de298cf7e0, 0x000001de298cfa10]
Event: 37.534 Thread 0x000001de3c631fc0 10658       2       org.jetbrains.org.objectweb.asm.Type::getObjectType (31 bytes)
Event: 37.535 Thread 0x000001de3c631fc0 nmethod 10658 0x000001de29dfea10 code [0x000001de29dfebc0, 0x000001de29dfee98]
Event: 37.535 Thread 0x000001de3c631fc0 10655       2       org.jetbrains.kotlin.backend.jvm.JvmBackendContext::getClassNameOverride (10 bytes)
Event: 37.535 Thread 0x000001de3c631fc0 nmethod 10655 0x000001de29989710 code [0x000001de299898c0, 0x000001de299899f8]
Event: 37.535 Thread 0x000001de3c631fc0 10660       2       org.jetbrains.kotlin.backend.jvm.mapping.MethodSignatureMapper::mapFunctionName (305 bytes)
Event: 37.723 Thread 0x000001de3c631fc0 nmethod 10660 0x000001de29d8b110 code [0x000001de29d8b700, 0x000001de29d8ce30]
Event: 37.723 Thread 0x000001de3c631fc0 10662       2       org.jetbrains.kotlin.backend.jvm.mapping.MethodSignatureMapper::getBuiltinSpecialPropertyGetterName (238 bytes)

GC Heap History (20 events):
Event: 13.698 GC heap before
{Heap before GC invocations=22 (full 0):
 garbage-first heap   total 68608K, used 57560K [0x00000000c8e00000, 0x0000000100000000)
  region size 1024K, 16 young (16384K), 2 survivors (2048K)
 Metaspace       used 53445K, committed 53696K, reserved 1114112K
  class space    used 6183K, committed 6272K, reserved 1048576K
}
Event: 13.712 GC heap after
{Heap after GC invocations=23 (full 0):
 garbage-first heap   total 68608K, used 48179K [0x00000000c8e00000, 0x0000000100000000)
  region size 1024K, 2 young (2048K), 2 survivors (2048K)
 Metaspace       used 53445K, committed 53696K, reserved 1114112K
  class space    used 6183K, committed 6272K, reserved 1048576K
}
Event: 14.010 GC heap before
{Heap before GC invocations=24 (full 0):
 garbage-first heap   total 81920K, used 58419K [0x00000000c8e00000, 0x0000000100000000)
  region size 1024K, 12 young (12288K), 2 survivors (2048K)
 Metaspace       used 53547K, committed 53760K, reserved 1114112K
  class space    used 6192K, committed 6272K, reserved 1048576K
}
Event: 14.019 GC heap after
{Heap after GC invocations=25 (full 0):
 garbage-first heap   total 81920K, used 50535K [0x00000000c8e00000, 0x0000000100000000)
  region size 1024K, 2 young (2048K), 2 survivors (2048K)
 Metaspace       used 53547K, committed 53760K, reserved 1114112K
  class space    used 6192K, committed 6272K, reserved 1048576K
}
Event: 14.717 GC heap before
{Heap before GC invocations=25 (full 0):
 garbage-first heap   total 81920K, used 67943K [0x00000000c8e00000, 0x0000000100000000)
  region size 1024K, 20 young (20480K), 2 survivors (2048K)
 Metaspace       used 54373K, committed 54720K, reserved 1114112K
  class space    used 6319K, committed 6464K, reserved 1048576K
}
Event: 14.732 GC heap after
{Heap after GC invocations=26 (full 0):
 garbage-first heap   total 131072K, used 53248K [0x00000000c8e00000, 0x0000000100000000)
  region size 1024K, 3 young (3072K), 3 survivors (3072K)
 Metaspace       used 54373K, committed 54720K, reserved 1114112K
  class space    used 6319K, committed 6464K, reserved 1048576K
}
Event: 17.322 GC heap before
{Heap before GC invocations=26 (full 0):
 garbage-first heap   total 131072K, used 101376K [0x00000000c8e00000, 0x0000000100000000)
  region size 1024K, 51 young (52224K), 3 survivors (3072K)
 Metaspace       used 57450K, committed 57728K, reserved 1114112K
  class space    used 6550K, committed 6656K, reserved 1048576K
}
Event: 17.344 GC heap after
{Heap after GC invocations=27 (full 0):
 garbage-first heap   total 131072K, used 62774K [0x00000000c8e00000, 0x0000000100000000)
  region size 1024K, 7 young (7168K), 7 survivors (7168K)
 Metaspace       used 57450K, committed 57728K, reserved 1114112K
  class space    used 6550K, committed 6656K, reserved 1048576K
}
Event: 24.440 GC heap before
{Heap before GC invocations=27 (full 0):
 garbage-first heap   total 131072K, used 99638K [0x00000000c8e00000, 0x0000000100000000)
  region size 1024K, 43 young (44032K), 7 survivors (7168K)
 Metaspace       used 59670K, committed 59968K, reserved 1114112K
  class space    used 6780K, committed 6912K, reserved 1048576K
}
Event: 24.467 GC heap after
{Heap after GC invocations=28 (full 0):
 garbage-first heap   total 131072K, used 70656K [0x00000000c8e00000, 0x0000000100000000)
  region size 1024K, 6 young (6144K), 6 survivors (6144K)
 Metaspace       used 59670K, committed 59968K, reserved 1114112K
  class space    used 6780K, committed 6912K, reserved 1048576K
}
Event: 26.293 GC heap before
{Heap before GC invocations=28 (full 0):
 garbage-first heap   total 131072K, used 105472K [0x00000000c8e00000, 0x0000000100000000)
  region size 1024K, 40 young (40960K), 6 survivors (6144K)
 Metaspace       used 61687K, committed 62016K, reserved 1114112K
  class space    used 6940K, committed 7104K, reserved 1048576K
}
Event: 26.322 GC heap after
{Heap after GC invocations=29 (full 0):
 garbage-first heap   total 131072K, used 79360K [0x00000000c8e00000, 0x0000000100000000)
  region size 1024K, 5 young (5120K), 5 survivors (5120K)
 Metaspace       used 61687K, committed 62016K, reserved 1114112K
  class space    used 6940K, committed 7104K, reserved 1048576K
}
Event: 28.052 GC heap before
{Heap before GC invocations=29 (full 0):
 garbage-first heap   total 131072K, used 110080K [0x00000000c8e00000, 0x0000000100000000)
  region size 1024K, 35 young (35840K), 5 survivors (5120K)
 Metaspace       used 66584K, committed 66944K, reserved 1114112K
  class space    used 7396K, committed 7552K, reserved 1048576K
}
Event: 28.077 GC heap after
{Heap after GC invocations=30 (full 0):
 garbage-first heap   total 131072K, used 84837K [0x00000000c8e00000, 0x0000000100000000)
  region size 1024K, 5 young (5120K), 5 survivors (5120K)
 Metaspace       used 66584K, committed 66944K, reserved 1114112K
  class space    used 7396K, committed 7552K, reserved 1048576K
}
Event: 30.352 GC heap before
{Heap before GC invocations=31 (full 0):
 garbage-first heap   total 142336K, used 112485K [0x00000000c8e00000, 0x0000000100000000)
  region size 1024K, 33 young (33792K), 5 survivors (5120K)
 Metaspace       used 69468K, committed 69824K, reserved 1114112K
  class space    used 7610K, committed 7808K, reserved 1048576K
}
Event: 30.376 GC heap after
{Heap after GC invocations=32 (full 0):
 garbage-first heap   total 142336K, used 87106K [0x00000000c8e00000, 0x0000000100000000)
  region size 1024K, 4 young (4096K), 4 survivors (4096K)
 Metaspace       used 69468K, committed 69824K, reserved 1114112K
  class space    used 7610K, committed 7808K, reserved 1048576K
}
Event: 34.118 GC heap before
{Heap before GC invocations=32 (full 0):
 garbage-first heap   total 142336K, used 122946K [0x00000000c8e00000, 0x0000000100000000)
  region size 1024K, 39 young (39936K), 4 survivors (4096K)
 Metaspace       used 71652K, committed 72000K, reserved 1114112K
  class space    used 7826K, committed 8000K, reserved 1048576K
}
Event: 34.156 GC heap after
{Heap after GC invocations=33 (full 0):
 garbage-first heap   total 142336K, used 93184K [0x00000000c8e00000, 0x0000000100000000)
  region size 1024K, 5 young (5120K), 5 survivors (5120K)
 Metaspace       used 71652K, committed 72000K, reserved 1114112K
  class space    used 7826K, committed 8000K, reserved 1048576K
}
Event: 36.572 GC heap before
{Heap before GC invocations=33 (full 0):
 garbage-first heap   total 142336K, used 124928K [0x00000000c8e00000, 0x0000000100000000)
  region size 1024K, 36 young (36864K), 5 survivors (5120K)
 Metaspace       used 78723K, committed 79104K, reserved 1179648K
  class space    used 8549K, committed 8704K, reserved 1048576K
}
Event: 36.592 GC heap after
{Heap after GC invocations=34 (full 0):
 garbage-first heap   total 142336K, used 96676K [0x00000000c8e00000, 0x0000000100000000)
  region size 1024K, 3 young (3072K), 3 survivors (3072K)
 Metaspace       used 78723K, committed 79104K, reserved 1179648K
  class space    used 8549K, committed 8704K, reserved 1048576K
}

Dll operation events (3 events):
Event: 0.029 Loaded shared library C:\Program Files\Android\Android Studio\jbr\bin\java.dll
Event: 0.070 Loaded shared library C:\Program Files\Android\Android Studio\jbr\bin\zip.dll
Event: 3.746 Loaded shared library C:\Program Files\Android\Android Studio\jbr\bin\verify.dll

Deoptimization events (20 events):
Event: 37.076 Thread 0x000001de24a70fd0 Uncommon trap: trap_request=0xffffff66 fr.pc=0x000001de31242d8c relative=0x00000000000001cc
Event: 37.076 Thread 0x000001de24a70fd0 Uncommon trap: reason=speculate_class_check action=maybe_recompile pc=0x000001de31242d8c method=org.jetbrains.kotlin.backend.jvm.ir.IrInlineReferenceLocator.visitElement(Lorg/jetbrains/kotlin/ir/IrElement;Lorg/jetbrains/kotlin/ir/declarations/IrDeclaratio
Event: 37.076 Thread 0x000001de24a70fd0 DEOPT PACKING pc=0x000001de31242d8c sp=0x0000008309ffc550
Event: 37.076 Thread 0x000001de24a70fd0 DEOPT UNPACKING pc=0x000001de30cc46a2 sp=0x0000008309ffc318 mode 2
Event: 37.186 Thread 0x000001de24a70fd0 Uncommon trap: trap_request=0xffffff66 fr.pc=0x000001de314c0c30 relative=0x0000000000000230
Event: 37.186 Thread 0x000001de24a70fd0 Uncommon trap: reason=speculate_class_check action=maybe_recompile pc=0x000001de314c0c30 method=org.jetbrains.kotlin.fir.backend.utils.IrElementsCreationUtilsKt.computeValueClassRepresentation(Lorg/jetbrains/kotlin/fir/backend/Fir2IrComponents;Lorg/jetbra
Event: 37.186 Thread 0x000001de24a70fd0 DEOPT PACKING pc=0x000001de314c0c30 sp=0x0000008309ffcf60
Event: 37.186 Thread 0x000001de24a70fd0 DEOPT UNPACKING pc=0x000001de30cc46a2 sp=0x0000008309ffcee8 mode 2
Event: 37.186 Thread 0x000001de24a70fd0 Uncommon trap: trap_request=0xffffff66 fr.pc=0x000001de314c0c30 relative=0x0000000000000230
Event: 37.186 Thread 0x000001de24a70fd0 Uncommon trap: reason=speculate_class_check action=maybe_recompile pc=0x000001de314c0c30 method=org.jetbrains.kotlin.fir.backend.utils.IrElementsCreationUtilsKt.computeValueClassRepresentation(Lorg/jetbrains/kotlin/fir/backend/Fir2IrComponents;Lorg/jetbra
Event: 37.186 Thread 0x000001de24a70fd0 DEOPT PACKING pc=0x000001de314c0c30 sp=0x0000008309ffcf60
Event: 37.186 Thread 0x000001de24a70fd0 DEOPT UNPACKING pc=0x000001de30cc46a2 sp=0x0000008309ffcee8 mode 2
Event: 37.186 Thread 0x000001de24a70fd0 Uncommon trap: trap_request=0xffffff66 fr.pc=0x000001de314c0c30 relative=0x0000000000000230
Event: 37.186 Thread 0x000001de24a70fd0 Uncommon trap: reason=speculate_class_check action=maybe_recompile pc=0x000001de314c0c30 method=org.jetbrains.kotlin.fir.backend.utils.IrElementsCreationUtilsKt.computeValueClassRepresentation(Lorg/jetbrains/kotlin/fir/backend/Fir2IrComponents;Lorg/jetbra
Event: 37.186 Thread 0x000001de24a70fd0 DEOPT PACKING pc=0x000001de314c0c30 sp=0x0000008309ffcc30
Event: 37.186 Thread 0x000001de24a70fd0 DEOPT UNPACKING pc=0x000001de30cc46a2 sp=0x0000008309ffcbb8 mode 2
Event: 37.186 Thread 0x000001de24a70fd0 Uncommon trap: trap_request=0xffffff66 fr.pc=0x000001de314c0c30 relative=0x0000000000000230
Event: 37.186 Thread 0x000001de24a70fd0 Uncommon trap: reason=speculate_class_check action=maybe_recompile pc=0x000001de314c0c30 method=org.jetbrains.kotlin.fir.backend.utils.IrElementsCreationUtilsKt.computeValueClassRepresentation(Lorg/jetbrains/kotlin/fir/backend/Fir2IrComponents;Lorg/jetbra
Event: 37.186 Thread 0x000001de24a70fd0 DEOPT PACKING pc=0x000001de314c0c30 sp=0x0000008309ffcc30
Event: 37.186 Thread 0x000001de24a70fd0 DEOPT UNPACKING pc=0x000001de30cc46a2 sp=0x0000008309ffcbb8 mode 2

Classes loaded (20 events):
Event: 36.392 Loading class sun/security/provider/MD5
Event: 36.393 Loading class sun/security/provider/DigestBase
Event: 36.393 Loading class sun/security/provider/DigestBase done
Event: 36.393 Loading class sun/security/provider/MD5 done
Event: 36.394 Loading class sun/security/jca/GetInstance$Instance
Event: 36.394 Loading class sun/security/jca/GetInstance$Instance done
Event: 36.394 Loading class java/security/MessageDigest$Delegate
Event: 36.396 Loading class sun/security/util/MessageDigestSpi2
Event: 36.396 Loading class sun/security/util/MessageDigestSpi2 done
Event: 36.396 Loading class java/security/MessageDigest$Delegate done
Event: 36.396 Loading class java/security/MessageDigest$Delegate$CloneableDelegate
Event: 36.396 Loading class java/security/MessageDigest$Delegate$CloneableDelegate done
Event: 36.396 Loading class sun/security/provider/ByteArrayAccess
Event: 36.397 Loading class sun/security/provider/ByteArrayAccess done
Event: 36.397 Loading class sun/security/provider/ByteArrayAccess$LE
Event: 36.398 Loading class sun/security/provider/ByteArrayAccess$LE done
Event: 36.404 Loading class java/util/Base64
Event: 36.404 Loading class java/util/Base64 done
Event: 36.404 Loading class java/util/Base64$Encoder
Event: 36.405 Loading class java/util/Base64$Encoder done

Classes unloaded (0 events):
No events

Classes redefined (0 events):
No events

Internal exceptions (20 events):
Event: 26.970 Thread 0x000001de24a70fd0 Exception <a 'java/lang/NoSuchMethodError'{0x00000000d00075c8}: 'java.lang.Object java.lang.invoke.DirectMethodHandle$Holder.newInvokeSpecial(java.lang.Object, java.lang.Object, java.lang.Object, java.lang.Object, java.lang.Object, java.lang.Object, java.lang.Object, java.lang.Object, int)'> (0x00000000d00075c8) 
thrown [s\src\hotspot\share\interpreter\linkResolver.cpp, line 784]
Event: 26.970 Thread 0x000001de24a70fd0 Exception <a 'java/lang/NoSuchMethodError'{0x00000000d000c3b8}: 'java.lang.Object java.lang.invoke.DirectMethodHandle$Holder.invokeSpecial(java.lang.Object, java.lang.Object, java.lang.Object, java.lang.Object, java.lang.Object, java.lang.Object, java.lang.Object, java.lang.Object, java.lang.Object, int)'> (0x00000000d000c3b8) 
thrown [s\src\hotspot\share\interpreter\linkResolver.cpp, line 784]
Event: 27.041 Thread 0x000001de24a70fd0 Exception <a 'java/lang/NoSuchMethodError'{0x00000000cff7a148}: 'java.lang.Object java.lang.invoke.DirectMethodHandle$Holder.invokeStatic(java.lang.Object, java.lang.Object, int, int)'> (0x00000000cff7a148) 
thrown [s\src\hotspot\share\interpreter\linkResolver.cpp, line 784]
Event: 27.041 Thread 0x000001de24a70fd0 Exception <a 'java/lang/NoSuchMethodError'{0x00000000cff813b0}: 'java.lang.Object java.lang.invoke.DirectMethodHandle$Holder.newInvokeSpecial(java.lang.Object, java.lang.Object, int, int)'> (0x00000000cff813b0) 
thrown [s\src\hotspot\share\interpreter\linkResolver.cpp, line 784]
Event: 27.042 Thread 0x000001de24a70fd0 Exception <a 'java/lang/NoSuchMethodError'{0x00000000cff856e8}: 'java.lang.Object java.lang.invoke.DirectMethodHandle$Holder.invokeSpecial(java.lang.Object, java.lang.Object, java.lang.Object, int, int)'> (0x00000000cff856e8) 
thrown [s\src\hotspot\share\interpreter\linkResolver.cpp, line 784]
Event: 27.043 Thread 0x000001de24a70fd0 Exception <a 'java/lang/NoSuchMethodError'{0x00000000cff89308}: 'java.lang.Object java.lang.invoke.Invokers$Holder.linkToTargetMethod(java.lang.Object, int, int, java.lang.Object)'> (0x00000000cff89308) 
thrown [s\src\hotspot\share\interpreter\linkResolver.cpp, line 784]
Event: 27.076 Thread 0x000001de24a70fd0 Exception <a 'java/lang/NoSuchMethodError'{0x00000000cfff5900}: 'java.lang.Object java.lang.invoke.DirectMethodHandle$Holder.newInvokeSpecial(java.lang.Object, java.lang.Object, java.lang.Object, java.lang.Object, java.lang.Object, java.lang.Object, java.lang.Object, int)'> (0x00000000cfff5900) 
thrown [s\src\hotspot\share\interpreter\linkResolver.cpp, line 784]
Event: 27.077 Thread 0x000001de24a70fd0 Exception <a 'java/lang/NoSuchMethodError'{0x00000000cfff9ff8}: 'java.lang.Object java.lang.invoke.DirectMethodHandle$Holder.invokeSpecial(java.lang.Object, java.lang.Object, java.lang.Object, java.lang.Object, java.lang.Object, java.lang.Object, java.lang.Object, java.lang.Object, int)'> (0x00000000cfff9ff8) 
thrown [s\src\hotspot\share\interpreter\linkResolver.cpp, line 784]
Event: 28.954 Thread 0x000001de24a70fd0 Implicit null exception at 0x000001de315f3804 to 0x000001de315f3aac
Event: 29.574 Thread 0x000001de24a70fd0 Exception <a 'java/lang/NoSuchMethodError'{0x00000000cfc9ccf0}: 'java.lang.Object java.lang.invoke.DirectMethodHandle$Holder.invokeStatic(java.lang.Object, java.lang.Object, int, java.lang.Object, java.lang.Object)'> (0x00000000cfc9ccf0) 
thrown [s\src\hotspot\share\interpreter\linkResolver.cpp, line 784]
Event: 29.575 Thread 0x000001de24a70fd0 Exception <a 'java/lang/NoSuchMethodError'{0x00000000cfca4668}: 'java.lang.Object java.lang.invoke.DirectMethodHandle$Holder.newInvokeSpecial(java.lang.Object, java.lang.Object, int, java.lang.Object, java.lang.Object)'> (0x00000000cfca4668) 
thrown [s\src\hotspot\share\interpreter\linkResolver.cpp, line 784]
Event: 29.575 Thread 0x000001de24a70fd0 Exception <a 'java/lang/NoSuchMethodError'{0x00000000cfca8c18}: 'java.lang.Object java.lang.invoke.DirectMethodHandle$Holder.invokeSpecial(java.lang.Object, java.lang.Object, java.lang.Object, int, java.lang.Object, java.lang.Object)'> (0x00000000cfca8c18) 
thrown [s\src\hotspot\share\interpreter\linkResolver.cpp, line 784]
Event: 29.575 Thread 0x000001de24a70fd0 Exception <a 'java/lang/NoSuchMethodError'{0x00000000cfcac710}: 'java.lang.Object java.lang.invoke.Invokers$Holder.linkToTargetMethod(java.lang.Object, int, java.lang.Object, java.lang.Object, java.lang.Object)'> (0x00000000cfcac710) 
thrown [s\src\hotspot\share\interpreter\linkResolver.cpp, line 784]
Event: 31.177 Thread 0x000001de24a70fd0 Exception <a 'java/lang/NoSuchMethodError'{0x00000000d0cde118}: 'java.lang.Object java.lang.invoke.DirectMethodHandle$Holder.invokeStatic(java.lang.Object, java.lang.Object, java.lang.Object, java.lang.Object, java.lang.Object, java.lang.Object, int, java.lang.Object)'> (0x00000000d0cde118) 
thrown [s\src\hotspot\share\interpreter\linkResolver.cpp, line 784]
Event: 31.181 Thread 0x000001de24a70fd0 Exception <a 'java/lang/NoSuchMethodError'{0x00000000d0ce86e8}: 'java.lang.Object java.lang.invoke.DirectMethodHandle$Holder.newInvokeSpecial(java.lang.Object, java.lang.Object, java.lang.Object, java.lang.Object, java.lang.Object, java.lang.Object, int)'> (0x00000000d0ce86e8) 
thrown [s\src\hotspot\share\interpreter\linkResolver.cpp, line 784]
Event: 31.181 Thread 0x000001de24a70fd0 Exception <a 'java/lang/NoSuchMethodError'{0x00000000d0ced0e8}: 'java.lang.Object java.lang.invoke.DirectMethodHandle$Holder.invokeSpecial(java.lang.Object, java.lang.Object, java.lang.Object, java.lang.Object, java.lang.Object, java.lang.Object, java.lang.Object, int)'> (0x00000000d0ced0e8) 
thrown [s\src\hotspot\share\interpreter\linkResolver.cpp, line 784]
Event: 31.184 Thread 0x000001de24a70fd0 Exception <a 'java/lang/NoSuchMethodError'{0x00000000d0cf14a0}: 'java.lang.Object java.lang.invoke.Invokers$Holder.linkToTargetMethod(java.lang.Object, java.lang.Object, java.lang.Object, java.lang.Object, java.lang.Object, int, java.lang.Object)'> (0x00000000d0cf14a0) 
thrown [s\src\hotspot\share\interpreter\linkResolver.cpp, line 784]
Event: 34.598 Thread 0x000001de24a70fd0 Exception <a 'java/lang/NoSuchMethodError'{0x00000000d113a128}: 'java.lang.Object java.lang.invoke.DirectMethodHandle$Holder.invokeStatic(java.lang.Object, java.lang.Object, java.lang.Object, java.lang.Object, java.lang.Object, int, java.lang.Object, java.lang.Object)'> (0x00000000d113a128) 
thrown [s\src\hotspot\share\interpreter\linkResolver.cpp, line 784]
Event: 35.493 Thread 0x000001de24a70fd0 Exception <a 'java/lang/NoSuchMethodError'{0x00000000d0757340}: 'java.lang.Object java.lang.invoke.DirectMethodHandle$Holder.newInvokeSpecial(java.lang.Object, int, java.lang.Object, int)'> (0x00000000d0757340) 
thrown [s\src\hotspot\share\interpreter\linkResolver.cpp, line 784]
Event: 36.310 Thread 0x000001de24a70fd0 Exception <a 'java/lang/NoSuchMethodError'{0x00000000cfa758a8}: 'java.lang.Object java.lang.invoke.DirectMethodHandle$Holder.invokeStatic(java.lang.Object, java.lang.Object, java.lang.Object, java.lang.Object, int, java.lang.Object)'> (0x00000000cfa758a8) 
thrown [s\src\hotspot\share\interpreter\linkResolver.cpp, line 784]

ZGC Phase Switch (0 events):
No events

VM Operations (20 events):
Event: 36.076 Executing VM operation: ICBufferFull
Event: 36.076 Executing VM operation: ICBufferFull done
Event: 36.144 Executing VM operation: HandshakeAllThreads (Deoptimize)
Event: 36.145 Executing VM operation: HandshakeAllThreads (Deoptimize) done
Event: 36.160 Executing VM operation: HandshakeAllThreads (Deoptimize)
Event: 36.160 Executing VM operation: HandshakeAllThreads (Deoptimize) done
Event: 36.297 Executing VM operation: HandshakeAllThreads (Deoptimize)
Event: 36.297 Executing VM operation: HandshakeAllThreads (Deoptimize) done
Event: 36.550 Executing VM operation: ICBufferFull
Event: 36.550 Executing VM operation: ICBufferFull done
Event: 36.572 Executing VM operation: G1CollectForAllocation (G1 Evacuation Pause)
Event: 36.592 Executing VM operation: G1CollectForAllocation (G1 Evacuation Pause) done
Event: 36.896 Executing VM operation: HandshakeAllThreads (Deoptimize)
Event: 36.896 Executing VM operation: HandshakeAllThreads (Deoptimize) done
Event: 36.904 Executing VM operation: G1PauseRemark
Event: 36.924 Executing VM operation: G1PauseRemark done
Event: 37.055 Executing VM operation: G1PauseCleanup
Event: 37.056 Executing VM operation: G1PauseCleanup done
Event: 37.384 Executing VM operation: ICBufferFull
Event: 37.384 Executing VM operation: ICBufferFull done

Memory protections (0 events):
No events

Nmethod flushes (20 events):
Event: 36.922 Thread 0x000001de3c451ba0 flushing  nmethod 0x000001de2a1f8610
Event: 36.922 Thread 0x000001de3c451ba0 flushing  nmethod 0x000001de2a20f090
Event: 36.922 Thread 0x000001de3c451ba0 flushing  nmethod 0x000001de2a223d90
Event: 36.922 Thread 0x000001de3c451ba0 flushing  nmethod 0x000001de2a469590
Event: 36.922 Thread 0x000001de3c451ba0 flushing  nmethod 0x000001de2a486c90
Event: 36.922 Thread 0x000001de3c451ba0 flushing  nmethod 0x000001de2a525990
Event: 36.922 Thread 0x000001de3c451ba0 flushing  nmethod 0x000001de2a5cbc10
Event: 36.922 Thread 0x000001de3c451ba0 flushing  nmethod 0x000001de2a716510
Event: 36.922 Thread 0x000001de3c451ba0 flushing  nmethod 0x000001de2a71c810
Event: 36.922 Thread 0x000001de3c451ba0 flushing  nmethod 0x000001de2a71cc90
Event: 36.922 Thread 0x000001de3c451ba0 flushing  nmethod 0x000001de2a71d810
Event: 36.922 Thread 0x000001de3c451ba0 flushing  nmethod 0x000001de2a79f190
Event: 36.922 Thread 0x000001de3c451ba0 flushing  nmethod 0x000001de2a7b4d90
Event: 36.922 Thread 0x000001de3c451ba0 flushing  nmethod 0x000001de2a7f9f10
Event: 36.922 Thread 0x000001de3c451ba0 flushing  nmethod 0x000001de2a8b0c90
Event: 36.922 Thread 0x000001de3c451ba0 flushing  nmethod 0x000001de2a8b1f90
Event: 36.922 Thread 0x000001de3c451ba0 flushing  nmethod 0x000001de2a8b3290
Event: 36.922 Thread 0x000001de3c451ba0 flushing  nmethod 0x000001de2a8f9f10
Event: 36.922 Thread 0x000001de3c451ba0 flushing  nmethod 0x000001de2aa2e610
Event: 36.922 Thread 0x000001de3c451ba0 flushing  nmethod 0x000001de2ab23410

Events (20 events):
Event: 0.432 Thread 0x000001de24a70fd0 Thread added: 0x000001de3c640510
Event: 0.432 Thread 0x000001de24a70fd0 Thread added: 0x000001de3c62bbe0
Event: 0.435 Thread 0x000001de24a70fd0 Thread added: 0x000001de3c631fc0
Event: 0.587 Thread 0x000001de24a70fd0 Thread added: 0x000001de3c7dd8b0
Event: 0.627 Loaded shared library C:\Program Files\Android\Android Studio\jbr\bin\net.dll
Event: 0.634 Loaded shared library C:\Program Files\Android\Android Studio\jbr\bin\nio.dll
Event: 0.779 Thread 0x000001de3c62bbe0 Thread added: 0x000001de3c84bc20
Event: 0.805 Loaded shared library C:\Program Files\Android\Android Studio\jbr\bin\zip.dll
Event: 0.927 Thread 0x000001de3c84bc20 Thread exited: 0x000001de3c84bc20
Event: 0.963 Loaded shared library C:\Program Files\Android\Android Studio\jbr\bin\jimage.dll
Event: 1.338 Thread 0x000001de3c62bbe0 Thread added: 0x000001de4105bd20
Event: 1.752 Thread 0x000001de4105bd20 Thread exited: 0x000001de4105bd20
Event: 23.319 Thread 0x000001de3c631fc0 Thread added: 0x000001de43aee6a0
Event: 24.842 Thread 0x000001de43aee6a0 Thread exited: 0x000001de43aee6a0
Event: 25.624 Thread 0x000001de3c631fc0 Thread added: 0x000001de41fce7c0
Event: 26.573 Thread 0x000001de41fce7c0 Thread exited: 0x000001de41fce7c0
Event: 27.111 Thread 0x000001de3c62bbe0 Thread added: 0x000001de48132ca0
Event: 27.727 Thread 0x000001de48132ca0 Thread exited: 0x000001de48132ca0
Event: 27.793 Thread 0x000001de3c62bbe0 Thread added: 0x000001de4226fbe0
Event: 28.798 Thread 0x000001de4226fbe0 Thread exited: 0x000001de4226fbe0


Dynamic libraries:
0x00007ff71d940000 - 0x00007ff71d94a000 	C:\Program Files\Android\Android Studio\jbr\bin\java.exe
0x00007ffed9a40000 - 0x00007ffed9ca9000 	C:\WINDOWS\SYSTEM32\ntdll.dll
0x00007ffed8f70000 - 0x00007ffed9039000 	C:\WINDOWS\System32\KERNEL32.DLL
0x00007ffed6bd0000 - 0x00007ffed6fc3000 	C:\WINDOWS\System32\KERNELBASE.dll
0x00007ffed76c0000 - 0x00007ffed780b000 	C:\WINDOWS\System32\ucrtbase.dll
0x00007ffec6130000 - 0x00007ffec6148000 	C:\Program Files\Android\Android Studio\jbr\bin\jli.dll
0x00007ffed9830000 - 0x00007ffed99f4000 	C:\WINDOWS\System32\USER32.dll
0x00007ffed7520000 - 0x00007ffed7547000 	C:\WINDOWS\System32\win32u.dll
0x00007ffed93d0000 - 0x00007ffed93fb000 	C:\WINDOWS\System32\GDI32.dll
0x00007ffed71d0000 - 0x00007ffed72fd000 	C:\WINDOWS\System32\gdi32full.dll
0x00007ffed7060000 - 0x00007ffed7103000 	C:\WINDOWS\System32\msvcp_win.dll
0x00007ffecaac0000 - 0x00007ffecaadb000 	C:\Program Files\Android\Android Studio\jbr\bin\VCRUNTIME140.dll
0x00007ffec7150000 - 0x00007ffec73e3000 	C:\WINDOWS\WinSxS\amd64_microsoft.windows.common-controls_6595b64144ccf1df_6.0.26100.5074_none_3e0d6f78e32fd63f\COMCTL32.dll
0x00007ffed8060000 - 0x00007ffed8109000 	C:\WINDOWS\System32\msvcrt.dll
0x00007ffed9390000 - 0x00007ffed93bf000 	C:\WINDOWS\System32\IMM32.DLL
0x00007ffed1850000 - 0x00007ffed185c000 	C:\Program Files\Android\Android Studio\jbr\bin\vcruntime140_1.dll
0x00007ffe4cea0000 - 0x00007ffe4cf2d000 	C:\Program Files\Android\Android Studio\jbr\bin\msvcp140.dll
0x00007ffe74a20000 - 0x00007ffe756ae000 	C:\Program Files\Android\Android Studio\jbr\bin\server\jvm.dll
0x00007ffed9040000 - 0x00007ffed90f4000 	C:\WINDOWS\System32\ADVAPI32.dll
0x00007ffed9100000 - 0x00007ffed91a6000 	C:\WINDOWS\System32\sechost.dll
0x00007ffed9710000 - 0x00007ffed9828000 	C:\WINDOWS\System32\RPCRT4.dll
0x00007ffed8480000 - 0x00007ffed84f4000 	C:\WINDOWS\System32\WS2_32.dll
0x00007ffed6a30000 - 0x00007ffed6a8e000 	C:\WINDOWS\SYSTEM32\POWRPROF.dll
0x00007ffed4510000 - 0x00007ffed4545000 	C:\WINDOWS\SYSTEM32\WINMM.dll
0x00007ffed0200000 - 0x00007ffed020b000 	C:\WINDOWS\SYSTEM32\VERSION.dll
0x00007ffed6a10000 - 0x00007ffed6a24000 	C:\WINDOWS\SYSTEM32\UMPDC.dll
0x00007ffed59b0000 - 0x00007ffed59cb000 	C:\WINDOWS\SYSTEM32\kernel.appcore.dll
0x00007ffed14f0000 - 0x00007ffed14fa000 	C:\Program Files\Android\Android Studio\jbr\bin\jimage.dll
0x00007ffed42c0000 - 0x00007ffed4502000 	C:\WINDOWS\SYSTEM32\DBGHELP.DLL
0x00007ffed8990000 - 0x00007ffed8d0b000 	C:\WINDOWS\System32\combase.dll
0x00007ffed8330000 - 0x00007ffed8407000 	C:\WINDOWS\System32\OLEAUT32.dll
0x00007ffed4280000 - 0x00007ffed42bd000 	C:\WINDOWS\SYSTEM32\dbgcore.DLL
0x00007ffed7480000 - 0x00007ffed7519000 	C:\WINDOWS\System32\bcryptPrimitives.dll
0x00007ffeb4070000 - 0x00007ffeb4090000 	C:\Program Files\Android\Android Studio\jbr\bin\java.dll
0x00007ffeb3d10000 - 0x00007ffeb3d28000 	C:\Program Files\Android\Android Studio\jbr\bin\zip.dll
0x00007ffed7890000 - 0x00007ffed7fdd000 	C:\WINDOWS\System32\SHELL32.dll
0x00007ffed7550000 - 0x00007ffed76bc000 	C:\WINDOWS\System32\wintypes.dll
0x00007ffed4870000 - 0x00007ffed50c9000 	C:\WINDOWS\SYSTEM32\windows.storage.dll
0x00007ffed8e70000 - 0x00007ffed8f60000 	C:\WINDOWS\System32\SHCORE.dll
0x00007ffed8410000 - 0x00007ffed8472000 	C:\WINDOWS\System32\shlwapi.dll
0x00007ffed6af0000 - 0x00007ffed6b19000 	C:\WINDOWS\SYSTEM32\profapi.dll
0x00007ffecaab0000 - 0x00007ffecaac0000 	C:\Program Files\Android\Android Studio\jbr\bin\net.dll
0x00007ffecb070000 - 0x00007ffecb18f000 	C:\WINDOWS\SYSTEM32\WINHTTP.dll
0x00007ffed5f30000 - 0x00007ffed5f9b000 	C:\WINDOWS\system32\mswsock.dll
0x00007ffeb3720000 - 0x00007ffeb3736000 	C:\Program Files\Android\Android Studio\jbr\bin\nio.dll
0x00007ffeb2370000 - 0x00007ffeb2380000 	C:\Program Files\Android\Android Studio\jbr\bin\verify.dll

dbghelp: loaded successfully - version: 4.0.5 - missing functions: none
symbol engine: initialized successfully - sym options: 0x614 - pdb path: .;C:\Program Files\Android\Android Studio\jbr\bin;C:\WINDOWS\SYSTEM32;C:\WINDOWS\WinSxS\amd64_microsoft.windows.common-controls_6595b64144ccf1df_6.0.26100.5074_none_3e0d6f78e32fd63f;C:\Program Files\Android\Android Studio\jbr\bin\server

VM Arguments:
java_command: org.jetbrains.kotlin.cli.jvm.K2JVMCompiler @C:\Users\yherm\AndroidStudioProjects\CupcakeApp2\app\build\20250928_186739641586225662.compiler.options
java_class_path (initial): C:\Users\yherm\.gradle\caches\modules-2\files-2.1\org.jetbrains.kotlin\kotlin-compiler-embeddable\2.0.21\79346ed53db48b18312a472602eb5c057070c54d\kotlin-compiler-embeddable-2.0.21.jar;C:\Users\yherm\.gradle\caches\modules-2\files-2.1\org.jetbrains.kotlin\kotlin-stdlib\2.0.21\618b539767b4899b4660a83006e052b63f1db551\kotlin-stdlib-2.0.21.jar;C:\Users\yherm\.gradle\caches\modules-2\files-2.1\org.jetbrains.kotlin\kotlin-script-runtime\2.0.21\c9b044380ad41f89aa89aa896c2d32a8c0b2129d\kotlin-script-runtime-2.0.21.jar;C:\Users\yherm\.gradle\caches\modules-2\files-2.1\org.jetbrains.kotlin\kotlin-reflect\1.6.10\1cbe9c92c12a94eea200d23c2bbaedaf3daf5132\kotlin-reflect-1.6.10.jar;C:\Users\yherm\.gradle\caches\modules-2\files-2.1\org.jetbrains.kotlin\kotlin-daemon-embeddable\2.0.21\c9e933b23287de9b5a17e2116b4657bb91aea72c\kotlin-daemon-embeddable-2.0.21.jar;C:\Users\yherm\.gradle\caches\modules-2\files-2.1\org.jetbrains.intellij.deps\trove4j\1.0.20200330\3afb14d5f9ceb459d724e907a21145e8ff394f02\trove4j-1.0.20200330.jar;C:\Users\yherm\.gradle\caches\modules-2\files-2.1\org.jetbrains.kotlinx\kotlinx-coroutines-core-jvm\1.6.4\2c997cd1c0ef33f3e751d3831929aeff1390cb30\kotlinx-coroutines-core-jvm-1.6.4.jar;C:\Users\yherm\.gradle\caches\modules-2\files-2.1\org.jetbrains\annotations\13.0\919f0dfe192fb4e063e7dacadee7f8bb9a2672a9\annotations-13.0.jar
Launcher Type: SUN_STANDARD

[Global flags]
     intx CICompilerCount                          = 3                                         {product} {ergonomic}
     uint ConcGCThreads                            = 1                                         {product} {ergonomic}
     uint G1ConcRefinementThreads                  = 4                                         {product} {ergonomic}
   size_t G1HeapRegionSize                         = 1048576                                   {product} {ergonomic}
    uintx GCDrainStackTargetSize                   = 64                                        {product} {ergonomic}
   size_t InitialHeapSize                          = 58720256                                  {product} {ergonomic}
   size_t MarkStackSize                            = 4194304                                   {product} {ergonomic}
   size_t MaxHeapSize                              = 924844032                                 {product} {ergonomic}
   size_t MaxNewSize                               = 554696704                                 {product} {ergonomic}
   size_t MinHeapDeltaBytes                        = 1048576                                   {product} {ergonomic}
   size_t MinHeapSize                              = 8388608                                   {product} {ergonomic}
    uintx NonNMethodCodeHeapSize                   = 5832780                                {pd product} {ergonomic}
    uintx NonProfiledCodeHeapSize                  = 122912730                              {pd product} {ergonomic}
    uintx ProfiledCodeHeapSize                     = 122912730                              {pd product} {ergonomic}
    uintx ReservedCodeCacheSize                    = 251658240                              {pd product} {ergonomic}
     bool SegmentedCodeCache                       = true                                      {product} {ergonomic}
   size_t SoftMaxHeapSize                          = 924844032                              {manageable} {ergonomic}
     bool UseCompressedOops                        = true                           {product lp64_product} {ergonomic}
     bool UseG1GC                                  = true                                      {product} {ergonomic}
     bool UseLargePagesIndividualAllocation        = false                                  {pd product} {ergonomic}

Logging:
Log output configuration:
 #0: stdout all=warning uptime,level,tags foldmultilines=false
 #1: stderr all=off uptime,level,tags foldmultilines=false

Environment Variables:
JAVA_HOME=C:\Program Files\Amazon Corretto\jdk21.0.7_6
PATH=C:\Program Files\Common Files\Oracle\Java\javapath;C:\Program Files\Amazon Corretto\jdk21.0.7_6\bin;C:\Program Files (x86)\Common Files\Oracle\Java\java8path;C:\Program Files (x86)\Common Files\Oracle\Java\javapath;C:\WINDOWS\system32;C:\WINDOWS;C:\WINDOWS\System32\Wbem;C:\WINDOWS\System32\WindowsPowerShell\v1.0\;C:\WINDOWS\System32\OpenSSH\;C:\Program Files\Git\cmd;C:\Program Files\dotnet\;C:\Program Files\nodejs\;C:\Program Files\JetBrains\IntelliJ IDEA Community Edition 2025.1.4.1\bin;C:\Program Files\Common Files\Oracle\Java\javapath;C:\Program Files\Amazon Corretto\jdk21.0.7_6\bin;C:\Program Files (x86)\Common Files\Oracle\Java\java8path;C:\Program Files (x86)\Common Files\Oracle\Java\javapath;C:\WINDOWS\system32;C:\WINDOWS;C:\WINDOWS\System32\Wbem;C:\WINDOWS\System32\WindowsPowerShell\v1.0\;C:\WINDOWS\System32\OpenSSH\;C:\Program Files\Git\cmd;C:\Program Files\dotnet\;C:\Program Files\nodejs\;C:\Program Files\JetBrains\IntelliJ IDEA Community Edition 2025.1.4.1\bin;C:\Users\yherm\AppData\Local\Programs\Python\Python313\Scripts\;C:\Users\yherm\AppData\Local\Programs\Python\Python313\;C:\Users\yherm\AppData\Local\Programs\Python\Launcher\;C:\Users\yherm\AppData\Local\Microsoft\WindowsApps;C:\Users\yherm\AppData\Local\Programs\Microsoft VS Code\bin;C:\Users\yherm\.dotnet\tools;C:\Program Files\MongoDB\Server\8.0\bin;C:\Program Files\MongoDB\mongosh-2.4.0-win32-x64\bin;C:\Users\yherm\AppData\Roaming\npm;C:\Users\yherm\AppData\Local\GitHubDesktop\bin;C:\Program Files\JetBrains\IntelliJ IDEA 
USERNAME=yherm
OS=Windows_NT
PROCESSOR_IDENTIFIER=AMD64 Family 23 Model 24 Stepping 1, AuthenticAMD
TMP=C:\Users\yherm\AppData\Local\Temp
TEMP=C:\Users\yherm\AppData\Local\Temp




Periodic native trim disabled

JNI global refs:
JNI global refs: 10, weak refs: 10

JNI global refs memory usage: 835, weak refs: 833

Process memory usage:
Resident Set Size: 346032K (9% of 3605420K total physical memory with 233048K free physical memory)

OOME stack traces (most recent first):
Classloader memory used:
Loader jdk.internal.loader.ClassLoaders$AppClassLoader                                 : 66672K
Loader bootstrap                                                                       : 11531K
Loader java.net.URLClassLoader                                                         : 2260K

---------------  S Y S T E M  ---------------

OS:
 Windows 11 , 64 bit Build 26100 (10.0.26100.5074)
OS uptime: 0 days 3:10 hours

CPU: total 4 (initial active 4) (4 cores per cpu, 2 threads per core) family 23 model 24 stepping 1 microcode 0x8108109, cx8, cmov, fxsr, ht, mmx, 3dnowpref, sse, sse2, sse3, ssse3, sse4a, sse4.1, sse4.2, popcnt, lzcnt, tsc, tscinvbit, avx, avx2, aes, clmul, bmi1, bmi2, adx, sha, fma, vzeroupper, clflush, clflushopt, rdtscp, f16c
Processor Information for the first 4 processors :
  Max Mhz: 2400, Current Mhz: 2400, Mhz Limit: 2400

Memory: 4k page, system-wide physical 3520M (227M free)
TotalPageFile size 11712M (AvailPageFile size 5M)
current process WorkingSet (physical memory assigned to process): 338M, peak: 338M
current process commit charge ("private bytes"): 408M, peak: 411M

vm_info: OpenJDK 64-Bit Server VM (21.0.7+-13880790-b1038.58) for windows-amd64 JRE (21.0.7+-13880790-b1038.58), built on 2025-08-04T20:56:21Z by "builder" with MS VC++ 16.10 / 16.11 (VS2019)

END.
